<?xml version="1.0" encoding="UTF-8"?>
<testsuite xmlns:xsi="http://www.w3.org/2001/XMLSchema-instance" xsi:noNamespaceSchemaLocation="https://maven.apache.org/surefire/maven-surefire-plugin/xsd/surefire-test-report-3.0.xsd" version="3.0" name="ExpressionEvaluatorTest" time="0.188" tests="10" errors="0" skipped="0" failures="0">
  <properties>
[...]
</properties>
  <testcase name="isDigitTest1" classname="ExpressionEvaluatorTest" time="0.075"/>
  <testcase name="isDigitTest2" classname="ExpressionEvaluatorTest" time="0.005"/>
  <testcase name="EvaluateTest1" classname="ExpressionEvaluatorTest" time="0.009"/>
  <testcase name="EvaluateTest2" classname="ExpressionEvaluatorTest" time="0.002"/>
  <testcase name="EvaluateTest3" classname="ExpressionEvaluatorTest" time="0.002"/>
  <testcase name="EvaluateTest4" classname="ExpressionEvaluatorTest" time="0.002"/>
  <testcase name="EvaluateTest5" classname="ExpressionEvaluatorTest" time="0.008"/>
  <testcase name="EvaluateTest6" classname="ExpressionEvaluatorTest" time="0.003"/>
  <testcase name="EvaluateTest7" classname="ExpressionEvaluatorTest" time="0.003"/>
  <testcase name="EvaluateTest8" classname="ExpressionEvaluatorTest" time="0.003"/>
</testsuite>