<?xml version="1.0" encoding="UTF-8"?>
<testsuite xmlns:xsi="http://www.w3.org/2001/XMLSchema-instance" xsi:noNamespaceSchemaLocation="https://maven.apache.org/surefire/maven-surefire-plugin/xsd/surefire-test-report-3.0.xsd" version="3.0" name="ExpressionEvaluatorTest" time="0.193" tests="12" errors="0" skipped="0" failures="0">
  <properties>
[...]
</properties>
  <testcase name="evaluateTest1" classname="ExpressionEvaluatorTest" time="0.083"/>
  <testcase name="evaluateTest2" classname="ExpressionEvaluatorTest" time="0.003"/>
  <testcase name="evaluateTest3" classname="ExpressionEvaluatorTest" time="0.002"/>
  <testcase name="evaluateTest4" classname="ExpressionEvaluatorTest" time="0.002"/>
  <testcase name="evaluateTest5" classname="ExpressionEvaluatorTest" time="0.006"/>
  <testcase name="evaluateTest6" classname="ExpressionEvaluatorTest" time="0.003"/>
  <testcase name="evaluateTest7" classname="ExpressionEvaluatorTest" time="0.003"/>
  <testcase name="evaluateTest8" classname="ExpressionEvaluatorTest" time="0.003"/>
  <testcase name="evaluateTest9" classname="ExpressionEvaluatorTest" time="0.003"/>
  <testcase name="isDigitTest1" classname="ExpressionEvaluatorTest" time="0.004"/>
  <testcase name="isDigitTest2" classname="ExpressionEvaluatorTest" time="0.004"/>
  <testcase name="evaluateTest10" classname="ExpressionEvaluatorTest" time="0.003"/>
</testsuite>